# JRE version: Java(TM) SE Runtime Environment (8.0_45-b15) (build 1.8.0_45-b15)
# Java VM: Java HotSpot(TM) 64-Bit Server VM (25.45-b02 mixed mode windows-amd64 compressed oops)
Heap:
 PSYoungGen      total 210944K, used 15925K [0x00000000eab00000, 0x00000000fa680000, 0x0000000100000000)
  eden space 194560K, 0% used [0x00000000eab00000,0x00000000eab00000,0x00000000f6900000)
  from space 16384K, 97% used [0x00000000f8a00000,0x00000000f998d6d8,0x00000000f9a00000)
  to   space 12800K, 0% used [0x00000000f9a00000,0x00000000f9a00000,0x00000000fa680000)
 ParOldGen       total 111104K, used 36603K [0x00000000c0000000, 0x00000000c6c80000, 0x00000000eab00000)
  object space 111104K, 32% used [0x00000000c0000000,0x00000000c23bee38,0x00000000c6c80000)
 Metaspace       used 55431K, capacity 59040K, committed 59176K, reserved 1099776K
  class space    used 7492K, capacity 8669K, committed 8744K, reserved 1048576K
GC Heap History (10 events):
Event: 19.491 GC heap before
{Heap before GC invocations=18 (full 3):
 PSYoungGen      total 185344K, used 166912K [0x00000000eab00000, 0x00000000f7680000, 0x0000000100000000)
  eden space 166912K, 100% used [0x00000000eab00000,0x00000000f4e00000,0x00000000f4e00000)
  from space 18432K, 0% used [0x00000000f6180000,0x00000000f6180000,0x00000000f7380000)
  to   space 19968K, 0% used [0x00000000f4e00000,0x00000000f4e00000,0x00000000f6180000)
 ParOldGen       total 111104K, used 47263K [0x00000000c0000000, 0x00000000c6c80000, 0x00000000eab00000)
  object space 111104K, 42% used [0x00000000c0000000,0x00000000c2e27f38,0x00000000c6c80000)
 Metaspace       used 50635K, capacity 53222K, committed 53416K, reserved 1095680K
  class space    used 7059K, capacity 8004K, committed 8104K, reserved 1048576K
Event: 19.501 GC heap after
Heap after GC invocations=18 (full 3):
 PSYoungGen      total 186880K, used 12283K [0x00000000eab00000, 0x00000000f9780000, 0x0000000100000000)
  eden space 166912K, 0% used [0x00000000eab00000,0x00000000eab00000,0x00000000f4e00000)
  from space 19968K, 61% used [0x00000000f4e00000,0x00000000f59feff0,0x00000000f6180000)
  to   space 20480K, 0% used [0x00000000f8380000,0x00000000f8380000,0x00000000f9780000)
 ParOldGen       total 111104K, used 47271K [0x00000000c0000000, 0x00000000c6c80000, 0x00000000eab00000)
  object space 111104K, 42% used [0x00000000c0000000,0x00000000c2e29f38,0x00000000c6c80000)
 Metaspace       used 50635K, capacity 53222K, committed 53416K, reserved 1095680K
  class space    used 7059K, capacity 8004K, committed 8104K, reserved 1048576K
}
Event: 4254.100 GC heap before
{Heap before GC invocations=19 (full 3):
 PSYoungGen      total 186880K, used 114259K [0x00000000eab00000, 0x00000000f9780000, 0x0000000100000000)
  eden space 166912K, 61% used [0x00000000eab00000,0x00000000f0e95c38,0x00000000f4e00000)
  from space 19968K, 61% used [0x00000000f4e00000,0x00000000f59feff0,0x00000000f6180000)
  to   space 20480K, 0% used [0x00000000f8380000,0x00000000f8380000,0x00000000f9780000)
 ParOldGen       total 111104K, used 47271K [0x00000000c0000000, 0x00000000c6c80000, 0x00000000eab00000)
  object space 111104K, 42% used [0x00000000c0000000,0x00000000c2e29f38,0x00000000c6c80000)
 Metaspace       used 52019K, capacity 55030K, committed 55080K, reserved 1095680K
  class space    used 7227K, capacity 8225K, committed 8232K, reserved 1048576K
Event: 4254.111 GC heap after
Heap after GC invocations=19 (full 3):
 PSYoungGen      total 221696K, used 11241K [0x00000000eab00000, 0x00000000f9780000, 0x0000000100000000)
  eden space 201216K, 0% used [0x00000000eab00000,0x00000000eab00000,0x00000000f6f80000)
  from space 20480K, 54% used [0x00000000f8380000,0x00000000f8e7a468,0x00000000f9780000)
  to   space 20480K, 0% used [0x00000000f6f80000,0x00000000f6f80000,0x00000000f8380000)
 ParOldGen       total 111104K, used 47279K [0x00000000c0000000, 0x00000000c6c80000, 0x00000000eab00000)
  object space 111104K, 42% used [0x00000000c0000000,0x00000000c2e2bf38,0x00000000c6c80000)
 Metaspace       used 52019K, capacity 55030K, committed 55080K, reserved 1095680K
  class space    used 7227K, capacity 8225K, committed 8232K, reserved 1048576K
}
Event: 4254.111 GC heap before
{Heap before GC invocations=20 (full 4):
 PSYoungGen      total 221696K, used 11241K [0x00000000eab00000, 0x00000000f9780000, 0x0000000100000000)
  eden space 201216K, 0% used [0x00000000eab00000,0x00000000eab00000,0x00000000f6f80000)
  from space 20480K, 54% used [0x00000000f8380000,0x00000000f8e7a468,0x00000000f9780000)
  to   space 20480K, 0% used [0x00000000f6f80000,0x00000000f6f80000,0x00000000f8380000)
 ParOldGen       total 111104K, used 47279K [0x00000000c0000000, 0x00000000c6c80000, 0x00000000eab00000)
  object space 111104K, 42% used [0x00000000c0000000,0x00000000c2e2bf38,0x00000000c6c80000)
 Metaspace       used 52019K, capacity 55030K, committed 55080K, reserved 1095680K
  class space    used 7227K, capacity 8225K, committed 8232K, reserved 1048576K
Event: 4254.259 GC heap after
Heap after GC invocations=20 (full 4):
 PSYoungGen      total 221696K, used 0K [0x00000000eab00000, 0x00000000f9780000, 0x0000000100000000)
  eden space 201216K, 0% used [0x00000000eab00000,0x00000000eab00000,0x00000000f6f80000)
  from space 20480K, 0% used [0x00000000f8380000,0x00000000f8380000,0x00000000f9780000)
  to   space 20480K, 0% used [0x00000000f6f80000,0x00000000f6f80000,0x00000000f8380000)
 ParOldGen       total 111104K, used 36579K [0x00000000c0000000, 0x00000000c6c80000, 0x00000000eab00000)
  object space 111104K, 32% used [0x00000000c0000000,0x00000000c23b8e38,0x00000000c6c80000)
 Metaspace       used 49928K, capacity 51402K, committed 55080K, reserved 1095680K
  class space    used 6643K, capacity 7056K, committed 8232K, reserved 1048576K
}
Event: 4298.746 GC heap before
{Heap before GC invocations=21 (full 4):
 PSYoungGen      total 221696K, used 201216K [0x00000000eab00000, 0x00000000f9780000, 0x0000000100000000)
  eden space 201216K, 100% used [0x00000000eab00000,0x00000000f6f80000,0x00000000f6f80000)
  from space 20480K, 0% used [0x00000000f8380000,0x00000000f8380000,0x00000000f9780000)
  to   space 20480K, 0% used [0x00000000f6f80000,0x00000000f6f80000,0x00000000f8380000)
 ParOldGen       total 111104K, used 36579K [0x00000000c0000000, 0x00000000c6c80000, 0x00000000eab00000)
  object space 111104K, 32% used [0x00000000c0000000,0x00000000c23b8e38,0x00000000c6c80000)
 Metaspace       used 51612K, capacity 53964K, committed 55336K, reserved 1095680K
  class space    used 7024K, capacity 7787K, committed 8232K, reserved 1048576K
Event: 4298.757 GC heap after
Heap after GC invocations=21 (full 4):
 PSYoungGen      total 221696K, used 13568K [0x00000000eab00000, 0x00000000fbb00000, 0x0000000100000000)
  eden space 201216K, 0% used [0x00000000eab00000,0x00000000eab00000,0x00000000f6f80000)
  from space 20480K, 66% used [0x00000000f6f80000,0x00000000f7cc02b0,0x00000000f8380000)
  to   space 21504K, 0% used [0x00000000fa600000,0x00000000fa600000,0x00000000fbb00000)
 ParOldGen       total 111104K, used 36587K [0x00000000c0000000, 0x00000000c6c80000, 0x00000000eab00000)
  object space 111104K, 32% used [0x00000000c0000000,0x00000000c23bae38,0x00000000c6c80000)
 Metaspace       used 51612K, capacity 53964K, committed 55336K, reserved 1095680K
  class space    used 7024K, capacity 7787K, committed 8232K, reserved 1048576K
}
Event: 4475.676 GC heap before
{Heap before GC invocations=22 (full 4):
 PSYoungGen      total 221696K, used 214784K [0x00000000eab00000, 0x00000000fbb00000, 0x0000000100000000)
  eden space 201216K, 100% used [0x00000000eab00000,0x00000000f6f80000,0x00000000f6f80000)
  from space 20480K, 66% used [0x00000000f6f80000,0x00000000f7cc02b0,0x00000000f8380000)
  to   space 21504K, 0% used [0x00000000fa600000,0x00000000fa600000,0x00000000fbb00000)
 ParOldGen       total 111104K, used 36587K [0x00000000c0000000, 0x00000000c6c80000, 0x00000000eab00000)
  object space 111104K, 32% used [0x00000000c0000000,0x00000000c23bae38,0x00000000c6c80000)
 Metaspace       used 52811K, capacity 55622K, committed 56360K, reserved 1097728K
  class space    used 7164K, capacity 8022K, committed 8232K, reserved 1048576K
Event: 4475.687 GC heap after
Heap after GC invocations=22 (full 4):
 PSYoungGen      total 214016K, used 19230K [0x00000000eab00000, 0x00000000fb900000, 0x0000000100000000)
  eden space 194560K, 0% used [0x00000000eab00000,0x00000000eab00000,0x00000000f6900000)
  from space 19456K, 98% used [0x00000000fa600000,0x00000000fb8c78d8,0x00000000fb900000)
  to   space 24064K, 0% used [0x00000000f8a00000,0x00000000f8a00000,0x00000000fa180000)
 ParOldGen       total 111104K, used 36595K [0x00000000c0000000, 0x00000000c6c80000, 0x00000000eab00000)
  object space 111104K, 32% used [0x00000000c0000000,0x00000000c23bce38,0x00000000c6c80000)
 Metaspace       used 52811K, capacity 55622K, committed 56360K, reserved 1097728K
  class space    used 7164K, capacity 8022K, committed 8232K, reserved 1048576K
}

